<?xml version="1.0" encoding="UTF-8"?>
<!-- Generated by org.testng.reporters.JUnitXMLReporter -->
<testsuite hostname="maa" ignored="0" name="Default test" tests="2" failures="0" timestamp="07 Apr 2018 04:01:38 GMT" time="0.065" errors="0">
  <testcase name="@BeforeTest loadConfigurationFile" time="0.0" classname="com.atmecs.automationPractice.BaseTest">
    <failure type="org.testng.TestNGException" message="
Parameter &amp;apos;browser&amp;apos; is required by BeforeTest on method loadConfigurationFile but has not been marked @Optional or defined
in C:\Users\Adu\AppData\Local\Temp\testng-eclipse--1493445594\testng-customsuite.xml">
      <![CDATA[org.testng.TestNGException: Parameter 'browser' is required by BeforeTest on method loadConfigurationFile but has not been marked @Optional or definedin C:\Users\Adu\AppData\Local\Temp\testng-eclipse--1493445594\testng-customsuite.xmlat org.testng.internal.Parameters.createParams(Parameters.java:290)at org.testng.internal.Parameters.createParametersForMethod(Parameters.java:359)at org.testng.internal.Parameters.createParameters(Parameters.java:620)at org.testng.internal.Parameters.createConfigurationParameters(Parameters.java:190)at org.testng.internal.Invoker.invokeConfigurations(Invoker.java:209)at org.testng.internal.Invoker.invokeConfigurations(Invoker.java:142)at org.testng.TestRunner.beforeRun(TestRunner.java:529)at org.testng.TestRunner.run(TestRunner.java:497)at org.testng.SuiteRunner.runTest(SuiteRunner.java:455)at org.testng.SuiteRunner.runSequentially(SuiteRunner.java:450)at org.testng.SuiteRunner.privateRun(SuiteRunner.java:415)at org.testng.SuiteRunner.run(SuiteRunner.java:364)at org.testng.SuiteRunnerWorker.runSuite(SuiteRunnerWorker.java:52)at org.testng.SuiteRunnerWorker.run(SuiteRunnerWorker.java:84)at org.testng.TestNG.runSuitesSequentially(TestNG.java:1187)at org.testng.TestNG.runSuitesLocally(TestNG.java:1116)at org.testng.TestNG.runSuites(TestNG.java:1028)at org.testng.TestNG.run(TestNG.java:996)at org.testng.remote.AbstractRemoteTestNG.run(AbstractRemoteTestNG.java:114)at org.testng.remote.RemoteTestNG.initAndRun(RemoteTestNG.java:251)at org.testng.remote.RemoteTestNG.main(RemoteTestNG.java:77)]]>
    </failure>
  </testcase> <!-- @BeforeTest loadConfigurationFile -->
  <testcase name="@AfterClass quit" time="0.0" classname="com.atmecs.automationPractice.BaseTest">
    <skipped/>
  </testcase> <!-- @AfterClass quit -->
  <testcase name="performLogin" time="0.0" classname="com.atmecs.automationPractice.MessageTest">
    <skipped/>
  </testcase> <!-- performLogin -->
  <testcase name="composeAndSendMessage" time="0.0" classname="com.atmecs.automationPractice.MessageTest">
    <skipped/>
  </testcase> <!-- composeAndSendMessage -->
</testsuite> <!-- Default test -->
